<?xml version="1.0" encoding="UTF-8"?>
<!-- Generated by org.testng.reporters.JUnitXMLReporter -->
<testsuite hostname="Jayashrees-MacBook-Air.local" ignored="0" name="Chrome_Test" tests="2" failures="0" timestamp="2022-03-13T13:00:20 IST" time="29.081" errors="0">
  <testcase name="testingIndexPage" time="0.387" classname="com.mystore.testcases.IndexPageTest"/>
  <testcase name="validateStoreTitleDisplay" time="0.017" classname="com.mystore.testcases.IndexPageTest"/>
</testsuite> <!-- Chrome_Test -->
