<?xml version="1.0" encoding="UTF-8"?>
<!-- Generated by org.testng.reporters.JUnitXMLReporter -->
<testsuite hostname="Jayashrees-MacBook-Air.local" ignored="0" name="FirefoxTest_Test" tests="2" failures="0" timestamp="2022-03-13T13:00:26 IST" time="35.0" errors="0">
  <testcase name="testingIndexPage" time="0.153" classname="com.mystore.testcases.IndexPageTest"/>
  <testcase name="validateStoreTitleDisplay" time="0.03" classname="com.mystore.testcases.IndexPageTest"/>
</testsuite> <!-- FirefoxTest_Test -->
