<?xml version="1.0" encoding="UTF-8"?>
<!-- Generated by org.testng.reporters.JUnitXMLReporter -->
<testsuite hostname="Jayashrees-MacBook-Air.local" ignored="1" name="Smoke" tests="3" failures="0" timestamp="2022-03-12T18:11:16 IST" time="38.201" errors="0">
  <testcase name="testingIndexPage" time="0.442" classname="com.mystore.testcases.IndexPageTest"/>
  <testcase name="validateStoreTitleDisplay" time="0.027" classname="com.mystore.testcases.IndexPageTest"/>
  <testcase name="wishlist_and_orderHistory_Display" time="5.331" classname="com.mystore.testcases.HomePageTest"/>
  <testcase name="@BeforeSuite loadConfig" time="0.0" classname="com.mystore.base.Baseclass">
    <ignored/>
  </testcase> <!-- @BeforeSuite loadConfig -->
</testsuite> <!-- Smoke -->
