<?xml version="1.0" encoding="UTF-8"?>
<!-- Generated by org.testng.reporters.JUnitXMLReporter -->
<testsuite hostname="Jayashrees-MacBook-Air.local" ignored="1" name="Test" tests="3" failures="0" timestamp="2022-03-12T17:39:50 IST" time="12.849" errors="0">
  <testcase name="@BeforeMethod setup" time="10.037" classname="com.mystore.testcases.IndexPageTest">
    <failure type="java.lang.NullPointerException">
      <![CDATA[java.lang.NullPointerException
at com.mystore.base.Baseclass.getURL(Baseclass.java:137)
at com.mystore.testcases.IndexPageTest.setup(IndexPageTest.java:32)
at java.util.ArrayList.forEach(ArrayList.java:1259)
... Removed 31 stack frames]]>
    </failure>
  </testcase> <!-- @BeforeMethod setup -->
  <testcase name="@AfterMethod teardown" time="-1.647086982985E9" classname="com.mystore.testcases.IndexPageTest">
    <skipped/>
  </testcase> <!-- @AfterMethod teardown -->
  <testcase name="@BeforeMethod setup" time="-1.647086982998E9" classname="com.mystore.testcases.IndexPageTest">
    <skipped/>
  </testcase> <!-- @BeforeMethod setup -->
  <testcase name="@AfterMethod teardown" time="-1.647086983019E9" classname="com.mystore.testcases.IndexPageTest">
    <skipped/>
  </testcase> <!-- @AfterMethod teardown -->
  <testcase name="@BeforeMethod setup" time="2.652" classname="com.mystore.testcases.HomePageTest">
    <failure type="java.lang.NullPointerException">
      <![CDATA[java.lang.NullPointerException
at com.mystore.base.Baseclass.getURL(Baseclass.java:137)
at com.mystore.testcases.HomePageTest.setup(HomePageTest.java:29)
at java.util.ArrayList.forEach(ArrayList.java:1259)
... Removed 31 stack frames]]>
    </failure>
  </testcase> <!-- @BeforeMethod setup -->
  <testcase name="@AfterMethod teardown" time="-1.647086985696E9" classname="com.mystore.testcases.HomePageTest">
    <skipped/>
  </testcase> <!-- @AfterMethod teardown -->
  <testcase name="testingIndexPage" time="0.0" classname="com.mystore.testcases.IndexPageTest">
    <skipped/>
  </testcase> <!-- testingIndexPage -->
  <testcase name="validateStoreTitleDisplay" time="0.0" classname="com.mystore.testcases.IndexPageTest">
    <skipped/>
  </testcase> <!-- validateStoreTitleDisplay -->
  <testcase name="wishlist_and_orderHistory_Display" time="0.0" classname="com.mystore.testcases.HomePageTest">
    <skipped/>
  </testcase> <!-- wishlist_and_orderHistory_Display -->
  <testcase name="@BeforeSuite BeforSuite" time="0.0" classname="com.mystore.base.Baseclass">
    <ignored/>
  </testcase> <!-- @BeforeSuite BeforSuite -->
</testsuite> <!-- Test -->
