<?xml version="1.0" encoding="UTF-8"?>
<!-- Generated by org.testng.reporters.JUnitXMLReporter -->
<testsuite hostname="Jayashrees-MacBook-Air.local" ignored="0" name="Testng_DataDriven_Using_Excel" tests="3" failures="0" timestamp="2022-03-13T12:51:56 IST" time="54.729" errors="0">
  <testcase name="UserLogin_with_DataDriven" time="5.96" classname="com.mystore.testcases.LogInTest_Using_ExcelDataProvider"/>
  <testcase name="UserLogin_with_DataDriven" time="5.838" classname="com.mystore.testcases.LogInTest_Using_ExcelDataProvider"/>
  <testcase name="UserLogin_with_DataDriven" time="4.958" classname="com.mystore.testcases.LogInTest_Using_ExcelDataProvider"/>
</testsuite> <!-- Testng_DataDriven_Using_Excel -->
