<?xml version="1.0" encoding="UTF-8"?>
<testng-results skipped="0" failed="1" ignored="18" total="20" passed="1">
  <reporter-output>
  </reporter-output>
  <suite name="Suite" duration-ms="89890" started-at="2022-03-13T20:34:02 IST" finished-at="2022-03-13T20:35:31 IST">
    <groups>
      <group name="Regression">
        <method signature="EndtoEnd_Purchase_flow.placeOrder()[pri:0, instance:com.mystore.testcases.EndtoEnd_Purchase_flow@5fdba6f9]" name="placeOrder" class="com.mystore.testcases.EndtoEnd_Purchase_flow"/>
        <method signature="NewAccountCreation.newAccountRegistration()[pri:0, instance:com.mystore.testcases.NewAccountCreation@2fd66ad3]" name="newAccountRegistration" class="com.mystore.testcases.NewAccountCreation"/>
      </group> <!-- Regression -->
      <group name="Smoke">
        <method signature="NewAccountCreation.newAccountRegistration()[pri:0, instance:com.mystore.testcases.NewAccountCreation@2fd66ad3]" name="newAccountRegistration" class="com.mystore.testcases.NewAccountCreation"/>
      </group> <!-- Smoke -->
    </groups>
    <test name="Regression" duration-ms="89890" started-at="2022-03-13T20:34:02 IST" finished-at="2022-03-13T20:35:31 IST">
      <class name="com.mystore.testcases.EndtoEnd_Purchase_flow">
        <test-method status="PASS" signature="setup(java.lang.String)[pri:0, instance:com.mystore.testcases.EndtoEnd_Purchase_flow@5fdba6f9]" name="setup" is-config="true" duration-ms="10159" started-at="2022-03-13T20:34:43 IST" finished-at="2022-03-13T20:34:53 IST">
          <params>
            <param index="0">
              <value>
                <![CDATA[Chrome]]>
              </value>
            </param>
          </params>
          <reporter-output>
          </reporter-output>
        </test-method> <!-- setup -->
        <test-method status="PASS" signature="placeOrder()[pri:0, instance:com.mystore.testcases.EndtoEnd_Purchase_flow@5fdba6f9]" name="placeOrder" duration-ms="37852" started-at="2022-03-13T20:34:53 IST" finished-at="2022-03-13T20:35:31 IST">
          <reporter-output>
          </reporter-output>
        </test-method> <!-- placeOrder -->
        <test-method status="PASS" signature="teardown()[pri:0, instance:com.mystore.testcases.EndtoEnd_Purchase_flow@5fdba6f9]" name="teardown" is-config="true" duration-ms="235" started-at="2022-03-13T20:35:31 IST" finished-at="2022-03-13T20:35:31 IST">
          <reporter-output>
          </reporter-output>
        </test-method> <!-- teardown -->
      </class> <!-- com.mystore.testcases.EndtoEnd_Purchase_flow -->
      <class name="com.mystore.testcases.NewAccountCreation">
        <test-method status="PASS" signature="setup(java.lang.String)[pri:0, instance:com.mystore.testcases.NewAccountCreation@2fd66ad3]" name="setup" is-config="true" duration-ms="18954" started-at="2022-03-13T20:34:02 IST" finished-at="2022-03-13T20:34:21 IST">
          <params>
            <param index="0">
              <value>
                <![CDATA[Chrome]]>
              </value>
            </param>
          </params>
          <reporter-output>
          </reporter-output>
        </test-method> <!-- setup -->
        <test-method status="FAIL" signature="newAccountRegistration()[pri:0, instance:com.mystore.testcases.NewAccountCreation@2fd66ad3]" name="newAccountRegistration" duration-ms="22048" started-at="2022-03-13T20:34:21 IST" finished-at="2022-03-13T20:34:43 IST">
          <exception class="org.openqa.selenium.NoSuchElementException">
            <message>
              <![CDATA[no such element: Unable to locate element: {"method":"xpath","selector":"//*[text()='Welcome to your account. Here you can manage all of your personal information and orders.']"}
  (Session info: chrome=99.0.4844.51)
For documentation on this error, please visit: https://selenium.dev/exceptions/#no_such_element
Build info: version: '4.1.2', revision: '9a5a329c5a'
System info: host: 'Jayashrees-MacBook-Air.local', ip: 'fe80:0:0:0:9a:fb04:ff38:a683%en0', os.name: 'Mac OS X', os.arch: 'x86_64', os.version: '10.15.7', java.version: '1.8.0_261'
Driver info: org.openqa.selenium.chrome.ChromeDriver
Command: [0bf10bf77d0205cbd7fff4efff324730, findElement {using=xpath, value=//*[text()='Welcome to your account. Here you can manage all of your personal information and orders.']}]
Capabilities {acceptInsecureCerts: false, browserName: chrome, browserVersion: 99.0.4844.51, chrome: {chromedriverVersion: 99.0.4844.51 (d537ec02474b5..., userDataDir: /var/folders/q2/b983rsb13pn...}, goog:chromeOptions: {debuggerAddress: localhost:60496}, javascriptEnabled: true, networkConnectionEnabled: false, pageLoadStrategy: normal, platform: MAC, platformName: MAC, proxy: Proxy(), se:cdp: ws://localhost:60496/devtoo..., se:cdpVersion: 99.0.4844.51, setWindowRect: true, strictFileInteractability: false, timeouts: {implicit: 0, pageLoad: 300000, script: 30000}, unhandledPromptBehavior: dismiss and notify, webauthn:extension:credBlob: true, webauthn:extension:largeBlob: true, webauthn:virtualAuthenticators: true}
Session ID: 0bf10bf77d0205cbd7fff4efff324730]]>
            </message>
            <full-stacktrace>
              <![CDATA[org.openqa.selenium.NoSuchElementException: no such element: Unable to locate element: {"method":"xpath","selector":"//*[text()='Welcome to your account. Here you can manage all of your personal information and orders.']"}
  (Session info: chrome=99.0.4844.51)
For documentation on this error, please visit: https://selenium.dev/exceptions/#no_such_element
Build info: version: '4.1.2', revision: '9a5a329c5a'
System info: host: 'Jayashrees-MacBook-Air.local', ip: 'fe80:0:0:0:9a:fb04:ff38:a683%en0', os.name: 'Mac OS X', os.arch: 'x86_64', os.version: '10.15.7', java.version: '1.8.0_261'
Driver info: org.openqa.selenium.chrome.ChromeDriver
Command: [0bf10bf77d0205cbd7fff4efff324730, findElement {using=xpath, value=//*[text()='Welcome to your account. Here you can manage all of your personal information and orders.']}]
Capabilities {acceptInsecureCerts: false, browserName: chrome, browserVersion: 99.0.4844.51, chrome: {chromedriverVersion: 99.0.4844.51 (d537ec02474b5..., userDataDir: /var/folders/q2/b983rsb13pn...}, goog:chromeOptions: {debuggerAddress: localhost:60496}, javascriptEnabled: true, networkConnectionEnabled: false, pageLoadStrategy: normal, platform: MAC, platformName: MAC, proxy: Proxy(), se:cdp: ws://localhost:60496/devtoo..., se:cdpVersion: 99.0.4844.51, setWindowRect: true, strictFileInteractability: false, timeouts: {implicit: 0, pageLoad: 300000, script: 30000}, unhandledPromptBehavior: dismiss and notify, webauthn:extension:credBlob: true, webauthn:extension:largeBlob: true, webauthn:virtualAuthenticators: true}
Session ID: 0bf10bf77d0205cbd7fff4efff324730
at sun.reflect.NativeConstructorAccessorImpl.newInstance0(Native Method)
at sun.reflect.NativeConstructorAccessorImpl.newInstance(NativeConstructorAccessorImpl.java:62)
at sun.reflect.DelegatingConstructorAccessorImpl.newInstance(DelegatingConstructorAccessorImpl.java:45)
at java.lang.reflect.Constructor.newInstance(Constructor.java:423)
at org.openqa.selenium.remote.codec.w3c.W3CHttpResponseCodec.createException(W3CHttpResponseCodec.java:200)
at org.openqa.selenium.remote.codec.w3c.W3CHttpResponseCodec.decode(W3CHttpResponseCodec.java:133)
at org.openqa.selenium.remote.codec.w3c.W3CHttpResponseCodec.decode(W3CHttpResponseCodec.java:53)
at org.openqa.selenium.remote.HttpCommandExecutor.execute(HttpCommandExecutor.java:184)
at org.openqa.selenium.remote.service.DriverCommandExecutor.invokeExecute(DriverCommandExecutor.java:167)
at org.openqa.selenium.remote.service.DriverCommandExecutor.execute(DriverCommandExecutor.java:142)
at org.openqa.selenium.remote.RemoteWebDriver.execute(RemoteWebDriver.java:558)
at org.openqa.selenium.remote.ElementLocation$ElementFinder$2.findElement(ElementLocation.java:162)
at org.openqa.selenium.remote.ElementLocation.findElement(ElementLocation.java:60)
at org.openqa.selenium.remote.RemoteWebDriver.findElement(RemoteWebDriver.java:382)
at org.openqa.selenium.remote.RemoteWebDriver.findElement(RemoteWebDriver.java:374)
at org.openqa.selenium.support.pagefactory.DefaultElementLocator.findElement(DefaultElementLocator.java:70)
at org.openqa.selenium.support.pagefactory.internal.LocatingElementHandler.invoke(LocatingElementHandler.java:39)
at com.sun.proxy.$Proxy19.getText(Unknown Source)
at com.mystore.pageobjects.HomePage.welcometxtdisplay(HomePage.java:73)
at com.mystore.testcases.NewAccountCreation.newAccountRegistration(NewAccountCreation.java:81)
at sun.reflect.NativeMethodAccessorImpl.invoke0(Native Method)
at sun.reflect.NativeMethodAccessorImpl.invoke(NativeMethodAccessorImpl.java:62)
at sun.reflect.DelegatingMethodAccessorImpl.invoke(DelegatingMethodAccessorImpl.java:43)
at java.lang.reflect.Method.invoke(Method.java:498)
at org.testng.internal.MethodInvocationHelper.invokeMethod(MethodInvocationHelper.java:133)
at org.testng.internal.TestInvoker.invokeMethod(TestInvoker.java:598)
at org.testng.internal.TestInvoker.invokeTestMethod(TestInvoker.java:173)
at org.testng.internal.MethodRunner.runInSequence(MethodRunner.java:46)
at org.testng.internal.TestInvoker$MethodInvocationAgent.invoke(TestInvoker.java:824)
at org.testng.internal.TestInvoker.invokeTestMethods(TestInvoker.java:146)
at org.testng.internal.TestMethodWorker.invokeTestMethods(TestMethodWorker.java:146)
at org.testng.internal.TestMethodWorker.run(TestMethodWorker.java:128)
at java.util.ArrayList.forEach(ArrayList.java:1259)
at org.testng.TestRunner.privateRun(TestRunner.java:794)
at org.testng.TestRunner.run(TestRunner.java:596)
at org.testng.SuiteRunner.runTest(SuiteRunner.java:377)
at org.testng.SuiteRunner.runSequentially(SuiteRunner.java:371)
at org.testng.SuiteRunner.privateRun(SuiteRunner.java:332)
at org.testng.SuiteRunner.run(SuiteRunner.java:276)
at org.testng.SuiteRunnerWorker.runSuite(SuiteRunnerWorker.java:53)
at org.testng.SuiteRunnerWorker.run(SuiteRunnerWorker.java:96)
at org.testng.TestNG.runSuitesSequentially(TestNG.java:1212)
at org.testng.TestNG.runSuitesLocally(TestNG.java:1134)
at org.testng.TestNG.runSuites(TestNG.java:1063)
at org.testng.TestNG.run(TestNG.java:1031)
at org.testng.remote.AbstractRemoteTestNG.run(AbstractRemoteTestNG.java:115)
at org.testng.remote.RemoteTestNG.initAndRun(RemoteTestNG.java:251)
at org.testng.remote.RemoteTestNG.main(RemoteTestNG.java:77)
]]>
            </full-stacktrace>
          </exception> <!-- org.openqa.selenium.NoSuchElementException -->
          <reporter-output>
          </reporter-output>
        </test-method> <!-- newAccountRegistration -->
        <test-method status="PASS" signature="teardown()[pri:0, instance:com.mystore.testcases.NewAccountCreation@2fd66ad3]" name="teardown" is-config="true" duration-ms="341" started-at="2022-03-13T20:34:43 IST" finished-at="2022-03-13T20:34:43 IST">
          <reporter-output>
          </reporter-output>
        </test-method> <!-- teardown -->
      </class> <!-- com.mystore.testcases.NewAccountCreation -->
      <class name="com.mystore.testcases.LoginPageTest">
        <test-method status="PASS" signature="loadConfig()[pri:0, instance:com.mystore.testcases.LoginPageTest@27d415d9]" name="loadConfig" is-config="true" duration-ms="842" started-at="2022-03-13T20:34:01 IST" finished-at="2022-03-13T20:34:02 IST">
          <reporter-output>
          </reporter-output>
        </test-method> <!-- loadConfig -->
        <test-method status="PASS" signature="afterSuite()[pri:0, instance:com.mystore.testcases.LoginPageTest@27d415d9]" name="afterSuite" is-config="true" duration-ms="2132" started-at="2022-03-13T20:35:37 IST" finished-at="2022-03-13T20:35:39 IST">
          <reporter-output>
          </reporter-output>
        </test-method> <!-- afterSuite -->
      </class> <!-- com.mystore.testcases.LoginPageTest -->
    </test> <!-- Regression -->
  </suite> <!-- Suite -->
</testng-results>
