<?xml version="1.0" encoding="UTF-8"?>
<!-- Generated by org.testng.reporters.JUnitXMLReporter -->
<testsuite hostname="Jayashrees-MacBook-Air.local" ignored="0" name="Testng_DataDriven_Using_Excel" tests="3" failures="0" timestamp="2022-03-13T13:57:52 IST" time="58.068" errors="0">
  <testcase name="UserLogin_with_DataDriven" time="5.46" classname="com.mystore.testcases.LogInTest_Using_ExcelDataProvider"/>
  <testcase name="UserLogin_with_DataDriven" time="6.088" classname="com.mystore.testcases.LogInTest_Using_ExcelDataProvider"/>
  <testcase name="UserLogin_with_DataDriven" time="7.582" classname="com.mystore.testcases.LogInTest_Using_ExcelDataProvider"/>
</testsuite> <!-- Testng_DataDriven_Using_Excel -->
